
{
	gl.supports_vertex_array_object: true
	cocos2d.x.version: Quick-Cocos2dx-Community 3.6.3 Release
	gl.vendor: Intel Inc.
	gl.supports_PVRTC: false
	gl.renderer: Intel(R) Iris(TM) Graphics 6100
	cocos2d.x.compiled_with_profiler: false
	gl.max_texture_size: 16384
	gl.supports_ETC1: false
	gl.supports_BGRA8888: false
	cocos2d.x.build_type: DEBUG
	gl.supports_discard_framebuffer: false
	gl.supports_NPOT: true
	gl.supports_S3TC: true
	gl.version: 2.1 INTEL-10.22.25
	gl.supports_ATITC: false
	gl.max_texture_units: 16
	cocos2d.x.compiled_with_gl_state_cache: true
}


Quick-Cocos2dx-Community C++ support ready.
------------------------------------------------
LOAD LUA FILE: /Users/tanzhenyu/Desktop/DDZProject/Client/ddz-client/src/main.lua
------------------------------------------------
[LUA-print] ===========================================================
[LUA-print]               LOAD QUICK FRAMEWORK
[LUA-print] ===========================================================
[LUA-print] [INFO] 
[LUA-print] [INFO] # DEBUG                        = 2
[LUA-print] [INFO] #
[LUA-print] [INFO] # device.platform              = mac
[LUA-print] [INFO] # device.model                 = unknown
[LUA-print] [INFO] # device.language              = cn
[LUA-print] [INFO] # device.writablePath          = /Users/tanzhenyu/Desktop/DDZProject/Client/ddz-client/
[LUA-print] [INFO] # device.directorySeparator    = /
[LUA-print] [INFO] # device.pathSeparator         = :
[LUA-print] [INFO] #
libpng warning: iCCP: known incorrect sRGB profile
[LUA-print] [INFO] # CONFIG_SCREEN_AUTOSCALE      = FIXED_HEIGHT
[LUA-print] [INFO] # CONFIG_SCREEN_WIDTH          = 426.67
[LUA-print] [INFO] # CONFIG_SCREEN_HEIGHT         = 640.00
[LUA-print] [INFO] # display.widthInPixels        = 640.00
[LUA-print] [INFO] # display.heightInPixels       = 960.00
[LUA-print] [INFO] # display.contentScaleFactor   = 1.50
[LUA-print] [INFO] # display.width                = 426.67
[LUA-print] [INFO] # display.height               = 640.00
[LUA-print] [INFO] # display.cx                   = 213.33
[LUA-print] [INFO] # display.cy                   = 320.00
[LUA-print] [INFO] # display.left                 = 0.00
[LUA-print] [INFO] # display.right                = 426.67
[LUA-print] [INFO] # display.top                  = 640.00
[LUA-print] [INFO] # display.bottom               = 0.00
[LUA-print] [INFO] # display.c_left               = -213.33
[LUA-print] [INFO] # display.c_right              = 213.33
[LUA-print] [INFO] # display.c_top                = 320.00
[LUA-print] [INFO] # display.c_bottom             = -320.00
[LUA-print] [INFO] #
[LUA-print] [INFO] table: 0x0e1cfe60 [EventProtocol] addEventListener() - event: SM_ON_KEYPAD_EVENT, handle: 1, tag: 
[LUA-print] [INFO] CCSUILoader - createUINode:SingleNode
[LUA-print] [INFO] CCSUILoader - createUINode:Sprite
[LUA-print] [INFO] CCSUILoader - createUINode:Button
[LUA-print] [INFO] CCSUILoader - createUINode:Button
[LUA-print] [INFO] userdata: 0x0e29cce8 [EventProtocol] addEventListener() - event: CLICKED_EVENT, handle: 1, tag: 
[LUA-print] [INFO] userdata: 0x0e753020 [EventProtocol] addEventListener() - event: CLICKED_EVENT, handle: 1, tag: 
[LUA-print] [INFO] table: 0x0e75aaa0 [EventProtocol] addEventListener() - event: SM_SOCKET_CONNECTED, handle: 1, tag: 
[LUA-print] [INFO] table: 0x0e75aaa0 [EventProtocol] addEventListener() - event: SM_SOCKET_CLOSE, handle: 2, tag: 
[LUA-print] [INFO] table: 0x0e75aaa0 [EventProtocol] addEventListener() - event: SM_SOCKET_CLOSED, handle: 3, tag: 
[LUA-print] [INFO] table: 0x0e75aaa0 [EventProtocol] addEventListener() - event: SM_SOCKET_CONNECT_FAILURE, handle: 4, tag: 
[LUA-print] [INFO] table: 0x0e75aaa0 [EventProtocol] addEventListener() - event: SM_SOCKET_DATA, handle: 5, tag: 
[LUA-print] [INFO] table: 0x0e75c240 [EventProtocol] addEventListener() - event: SOCKET_TCP_CONNECTED, handle: 1, tag: 
[LUA-print] [INFO] table: 0x0e75c240 [EventProtocol] addEventListener() - event: SOCKET_TCP_CLOSE, handle: 2, tag: 
[LUA-print] [INFO] table: 0x0e75c240 [EventProtocol] addEventListener() - event: SOCKET_TCP_CLOSED, handle: 3, tag: 
[LUA-print] [INFO] table: 0x0e75c240 [EventProtocol] addEventListener() - event: SOCKET_TCP_CONNECT_FAILURE, handle: 4, tag: 
[LUA-print] [INFO] table: 0x0e75c240 [EventProtocol] addEventListener() - event: SOCKET_TCP_DATA, handle: 5, tag: 
[LUA-print] [INFO] start connecting ip=[127.0.0.1], port=[10101]
[LUA-print] [INFO] 当前场景是：MainScene
[LUA-print] [INFO] table: 0x0e75c240 [EventProtocol] dispatchEvent() - event SOCKET_TCP_CONNECTED
[LUA-print] [INFO] table: 0x0e75c240 [EventProtocol] dispatchEvent() - dispatching event SOCKET_TCP_CONNECTED to listener 1
[LUA-print] [INFO] _onStatusConnected
[LUA-print] [INFO] table: 0x0e75aaa0 [EventProtocol] dispatchEvent() - event SM_SOCKET_CONNECTED
[LUA-print] [INFO] table: 0x0e75aaa0 [EventProtocol] dispatchEvent() - dispatching event SM_SOCKET_CONNECTED to listener 1
[LUA-print] [INFO] socket status: SM_SOCKET_CONNECTED
[LUA-print] [INFO] table: 0x0e75c240 [EventProtocol] dispatchEvent() - event SOCKET_TCP_DATA
[LUA-print] [INFO] table: 0x0e75c240 [EventProtocol] dispatchEvent() - dispatching event SOCKET_TCP_DATA to listener 5
[LUA-print] [INFO] table: 0x0e75aaa0 [EventProtocol] dispatchEvent() - event SM_SOCKET_DATA
[LUA-print] [INFO] table: 0x0e75aaa0 [EventProtocol] dispatchEvent() - dispatching event SM_SOCKET_DATA to listener 5
[LUA-print] login
[LUA-print] dump from: [string "/Users/tanzhenyu/Desktop/DDZProject/Client/ddz-client/src/app/scenes/MainScene.lua"]:70: in function 'recvPacketFromServer'
[LUA-print] - "<recv MSG from Server:>" = {
[LUA-print] - }
[LUA-print] [INFO] table: 0x0e75aaa0 [EventProtocol] dispatchEvent() - event SM_SOCKET_DATA
[LUA-print] [INFO] table: 0x0e75aaa0 [EventProtocol] dispatchEvent() - dispatching event SM_SOCKET_DATA to listener 5
[LUA-print] createRoom
[LUA-print] dump from: [string "/Users/tanzhenyu/Desktop/DDZProject/Client/ddz-client/src/app/scenes/MainScene.lua"]:70: in function 'recvPacketFromServer'
[LUA-print] - "<recv MSG from Server:>" = {
[LUA-print] -     "fid"    = "100000"
[LUA-print] -     "status" = 1
[LUA-print] - }
[LUA-print] [INFO] table: 0x0e75c240 [EventProtocol] dispatchEvent() - event SOCKET_TCP_CLOSE
[LUA-print] [INFO] table: 0x0e75c240 [EventProtocol] dispatchEvent() - dispatching event SOCKET_TCP_CLOSE to listener 2
[LUA-print] [INFO] _onStatusClose
[LUA-print] [INFO] table: 0x0e75aaa0 [EventProtocol] dispatchEvent() - event SM_SOCKET_CLOSE
[LUA-print] [INFO] table: 0x0e75aaa0 [EventProtocol] dispatchEvent() - dispatching event SM_SOCKET_CLOSE to listener 2
[LUA-print] [INFO] socket status: SM_SOCKET_CLOSE
[LUA-print] [INFO] table: 0x0e75c240 [EventProtocol] dispatchEvent() - event SOCKET_TCP_CLOSED
[LUA-print] [INFO] table: 0x0e75c240 [EventProtocol] dispatchEvent() - dispatching event SOCKET_TCP_CLOSED to listener 3
[LUA-print] [INFO] _onStatusClosed
[LUA-print] [INFO] table: 0x0e75aaa0 [EventProtocol] dispatchEvent() - event SM_SOCKET_CLOSED
[LUA-print] [INFO] table: 0x0e75aaa0 [EventProtocol] dispatchEvent() - dispatching event SM_SOCKET_CLOSED to listener 3
[LUA-print] [INFO] socket status: SM_SOCKET_CLOSED
